#-----------------------------------------------------------
# Vivado v2022.2 (64-bit)
# SW Build 3671981 on Fri Oct 14 05:00:03 MDT 2022
# IP Build 3669848 on Fri Oct 14 08:30:02 MDT 2022
# Start of session at: Sun Jul 16 22:53:11 2023
# Process ID: 1276
# Current directory: C:/Users/1hanv/OneDrive/Documents/EE4301/Lab/EE4301-Labs/lab4
# Command line: vivado.exe -gui_launcher_event rodinguilauncherevent18196 C:\Users\1hanv\OneDrive\Documents\EE4301\Lab\EE4301-Labs\lab4\lab4.xpr
# Log file: C:/Users/1hanv/OneDrive/Documents/EE4301/Lab/EE4301-Labs/lab4/vivado.log
# Journal file: C:/Users/1hanv/OneDrive/Documents/EE4301/Lab/EE4301-Labs/lab4\vivado.jou
# Running On: Vincent-Laptop, OS: Windows, CPU Frequency: 2208 MHz, CPU Physical cores: 4, Host memory: 16830 MB
#-----------------------------------------------------------
start_gui
open_project C:/Users/1hanv/OneDrive/Documents/EE4301/Lab/EE4301-Labs/lab4/lab4.xpr
WARNING: [Board 49-26] cannot add Board Part xilinx.com:kc705:part0:1.6 available at C:/Xilinx/Vivado/2022.2/data/xhub/boards/XilinxBoardStore/boards/Xilinx/kc705/1.6/board.xml as part xc7k325tffg900-2 specified in board_part file is either invalid or not available
WARNING: [Board 49-26] cannot add Board Part xilinx.com:kcu105:part0:1.6 available at C:/Xilinx/Vivado/2022.2/data/xhub/boards/XilinxBoardStore/boards/Xilinx/kcu105/1.6/board.xml as part xcku040-ffva1156-2-e specified in board_part file is either invalid or not available
WARNING: [Board 49-26] cannot add Board Part xilinx.com:kcu105:part0:1.7 available at C:/Xilinx/Vivado/2022.2/data/xhub/boards/XilinxBoardStore/boards/Xilinx/kcu105/1.7/board.xml as part xcku040-ffva1156-2-e specified in board_part file is either invalid or not available
WARNING: [Board 49-26] cannot add Board Part xilinx.com:kcu1500:part0:1.2 available at C:/Xilinx/Vivado/2022.2/data/xhub/boards/XilinxBoardStore/boards/Xilinx/kcu1500/1.2/board.xml as part xcku115-flvb2104-2-e specified in board_part file is either invalid or not available
WARNING: [Board 49-26] cannot add Board Part xilinx.com:vc707:part0:1.4 available at C:/Xilinx/Vivado/2022.2/data/xhub/boards/XilinxBoardStore/boards/Xilinx/vc707/1.4/board.xml as part xc7vx485tffg1761-2 specified in board_part file is either invalid or not available
WARNING: [Board 49-26] cannot add Board Part xilinx.com:vc709:part0:1.8 available at C:/Xilinx/Vivado/2022.2/data/xhub/boards/XilinxBoardStore/boards/Xilinx/vc709/1.8/board.xml as part xc7vx690tffg1761-2 specified in board_part file is either invalid or not available
WARNING: [Board 49-26] cannot add Board Part xilinx.com:vck190:part0:2.2 available at C:/Xilinx/Vivado/2022.2/data/xhub/boards/XilinxBoardStore/boards/Xilinx/vck190/production/2.2/board.xml as part xcvc1902-vsva2197-2mp-e-s specified in board_part file is either invalid or not available
WARNING: [Board 49-26] cannot add Board Part xilinx.com:vck190:part0:3.0 available at C:/Xilinx/Vivado/2022.2/data/xhub/boards/XilinxBoardStore/boards/Xilinx/vck190/production/3.0/board.xml as part xcvc1902-vsva2197-2mp-e-s specified in board_part file is either invalid or not available
WARNING: [Board 49-26] cannot add Board Part xilinx.com:vck190:part0:3.1 available at C:/Xilinx/Vivado/2022.2/data/xhub/boards/XilinxBoardStore/boards/Xilinx/vck190/production/3.1/board.xml as part xcvc1902-vsva2197-2mp-e-s specified in board_part file is either invalid or not available
WARNING: [Board 49-26] cannot add Board Part xilinx.com:vck190_newl:part0:1.0 available at C:/Xilinx/Vivado/2022.2/data/xhub/boards/XilinxBoardStore/boards/Xilinx/vck190_newl/production/1.0/board.xml as part xcvc1902-vsva2197-2mp-e-s specified in board_part file is either invalid or not available
WARNING: [Board 49-26] cannot add Board Part xilinx.com:vcu108:part0:1.6 available at C:/Xilinx/Vivado/2022.2/data/xhub/boards/XilinxBoardStore/boards/Xilinx/vcu108/1.6/board.xml as part xcvu095-ffva2104-2-e specified in board_part file is either invalid or not available
WARNING: [Board 49-26] cannot add Board Part xilinx.com:vcu108:part0:1.7 available at C:/Xilinx/Vivado/2022.2/data/xhub/boards/XilinxBoardStore/boards/Xilinx/vcu108/1.7/board.xml as part xcvu095-ffva2104-2-e specified in board_part file is either invalid or not available
WARNING: [Board 49-26] cannot add Board Part xilinx.com:vcu110:part0:1.4 available at C:/Xilinx/Vivado/2022.2/data/xhub/boards/XilinxBoardStore/boards/Xilinx/vcu110/1.4/board.xml as part xcvu190-flgc2104-2-e specified in board_part file is either invalid or not available
WARNING: [Board 49-26] cannot add Board Part xilinx.com:vcu118:part0:2.0 available at C:/Xilinx/Vivado/2022.2/data/xhub/boards/XilinxBoardStore/boards/Xilinx/vcu118/2.0/board.xml as part xcvu9p-flga2104-2l-e specified in board_part file is either invalid or not available
WARNING: [Board 49-26] cannot add Board Part xilinx.com:vcu118:part0:2.3 available at C:/Xilinx/Vivado/2022.2/data/xhub/boards/XilinxBoardStore/boards/Xilinx/vcu118/2.3/board.xml as part xcvu9p-flga2104-2l-e specified in board_part file is either invalid or not available
WARNING: [Board 49-26] cannot add Board Part xilinx.com:vcu118:part0:2.4 available at C:/Xilinx/Vivado/2022.2/data/xhub/boards/XilinxBoardStore/boards/Xilinx/vcu118/2.4/board.xml as part xcvu9p-flga2104-2l-e specified in board_part file is either invalid or not available
WARNING: [Board 49-26] cannot add Board Part xilinx.com:vcu128:part0:1.0 available at C:/Xilinx/Vivado/2022.2/data/xhub/boards/XilinxBoardStore/boards/Xilinx/vcu128/production/1.0/board.xml as part xcvu37p-fsvh2892-2l-e specified in board_part file is either invalid or not available
WARNING: [Board 49-26] cannot add Board Part xilinx.com:vcu129:part0:1.0 available at C:/Xilinx/Vivado/2022.2/data/xhub/boards/XilinxBoardStore/boards/Xilinx/vcu129/production/1.0/board.xml as part xcvu29p-fsga2577-2l-e specified in board_part file is either invalid or not available
WARNING: [Board 49-26] cannot add Board Part xilinx.com:vcu1525:part0:1.3 available at C:/Xilinx/Vivado/2022.2/data/xhub/boards/XilinxBoardStore/boards/Xilinx/vcu1525/1.3/board.xml as part xcvu9p-fsgd2104-2l-e specified in board_part file is either invalid or not available
WARNING: [Board 49-26] cannot add Board Part xilinx.com:vek280_es:part0:1.0 available at C:/Xilinx/Vivado/2022.2/data/xhub/boards/XilinxBoardStore/boards/Xilinx/vek280/es/1.0/board.xml as part xcve2802-vsvh1760-2lp-e-s-es1 specified in board_part file is either invalid or not available
WARNING: [Board 49-26] cannot add Board Part xilinx.com:vermeo_t1_mpsoc:part0:1.0 available at C:/Xilinx/Vivado/2022.2/data/xhub/boards/XilinxBoardStore/boards/Xilinx/vermeo_t1_mpsoc/1.0/board.xml as part xczu19eg-ffvd1760-2l-e specified in board_part file is either invalid or not available
WARNING: [Board 49-26] cannot add Board Part xilinx.com:vermeo_t1_rfsoc:part0:1.0 available at C:/Xilinx/Vivado/2022.2/data/xhub/boards/XilinxBoardStore/boards/Xilinx/vermeo_t1_rfsoc/1.0/board.xml as part xczu21dr-ffvd1156-2l-e specified in board_part file is either invalid or not available
WARNING: [Board 49-26] cannot add Board Part xilinx.com:vhk158_es:part0:1.0 available at C:/Xilinx/Vivado/2022.2/data/xhub/boards/XilinxBoardStore/boards/Xilinx/vhk158/es/1.0/board.xml as part xcvh1582-vsva3697-2mp-e-s-es1 specified in board_part file is either invalid or not available
WARNING: [Board 49-26] cannot add Board Part xilinx.com:vmk180:part0:2.2 available at C:/Xilinx/Vivado/2022.2/data/xhub/boards/XilinxBoardStore/boards/Xilinx/vmk180/production/2.2/board.xml as part xcvm1802-vsva2197-2mp-e-s specified in board_part file is either invalid or not available
WARNING: [Board 49-26] cannot add Board Part xilinx.com:vmk180:part0:3.0 available at C:/Xilinx/Vivado/2022.2/data/xhub/boards/XilinxBoardStore/boards/Xilinx/vmk180/production/3.0/board.xml as part xcvm1802-vsva2197-2mp-e-s specified in board_part file is either invalid or not available
WARNING: [Board 49-26] cannot add Board Part xilinx.com:vmk180:part0:3.1 available at C:/Xilinx/Vivado/2022.2/data/xhub/boards/XilinxBoardStore/boards/Xilinx/vmk180/production/3.1/board.xml as part xcvm1802-vsva2197-2mp-e-s specified in board_part file is either invalid or not available
WARNING: [Board 49-26] cannot add Board Part xilinx.com:vmk180_newl:part0:1.0 available at C:/Xilinx/Vivado/2022.2/data/xhub/boards/XilinxBoardStore/boards/Xilinx/vmk180_newl/production/1.0/board.xml as part xcvm1802-vsva2197-2mp-e-s specified in board_part file is either invalid or not available
WARNING: [Board 49-26] cannot add Board Part xilinx.com:vpk120:part0:1.0 available at C:/Xilinx/Vivado/2022.2/data/xhub/boards/XilinxBoardStore/boards/Xilinx/vpk120/production/1.0/board.xml as part xcvp1202-vsva2785-2mp-e-s specified in board_part file is either invalid or not available
WARNING: [Board 49-26] cannot add Board Part xilinx.com:vpk120_es:part0:1.2 available at C:/Xilinx/Vivado/2022.2/data/xhub/boards/XilinxBoardStore/boards/Xilinx/vpk120/es/1.2/board.xml as part xcvp1202-vsva2785-2mp-e-s-es1 specified in board_part file is either invalid or not available
WARNING: [Board 49-26] cannot add Board Part xilinx.com:vpk120_es_revb:part0:1.0 available at C:/Xilinx/Vivado/2022.2/data/xhub/boards/XilinxBoardStore/boards/Xilinx/vpk120_revb/es/1.0/board.xml as part xcvp1202-vsva2785-2mp-e-s-es1 specified in board_part file is either invalid or not available
WARNING: [Board 49-26] cannot add Board Part xilinx.com:vpk180_es:part0:1.0 available at C:/Xilinx/Vivado/2022.2/data/xhub/boards/XilinxBoardStore/boards/Xilinx/vpk180/es/1.0/board.xml as part xcvp1802-lsvc4072-2mp-e-s-es1 specified in board_part file is either invalid or not available
WARNING: [Board 49-26] cannot add Board Part xilinx.com:zc706:part0:1.4 available at C:/Xilinx/Vivado/2022.2/data/xhub/boards/XilinxBoardStore/boards/Xilinx/zc706/1.4/board.xml as part xc7z045ffg900-2 specified in board_part file is either invalid or not available
WARNING: [Board 49-26] cannot add Board Part xilinx.com:zcu102:part0:3.3 available at C:/Xilinx/Vivado/2022.2/data/xhub/boards/XilinxBoardStore/boards/Xilinx/zcu102/3.3/board.xml as part xczu9eg-ffvb1156-2-e specified in board_part file is either invalid or not available
WARNING: [Board 49-26] cannot add Board Part xilinx.com:zcu102:part0:3.4 available at C:/Xilinx/Vivado/2022.2/data/xhub/boards/XilinxBoardStore/boards/Xilinx/zcu102/3.4/board.xml as part xczu9eg-ffvb1156-2-e specified in board_part file is either invalid or not available
WARNING: [Board 49-26] cannot add Board Part xilinx.com:zcu111:part0:1.2 available at C:/Xilinx/Vivado/2022.2/data/xhub/boards/XilinxBoardStore/boards/Xilinx/zcu111/1.2/board.xml as part xczu28dr-ffvg1517-2-e specified in board_part file is either invalid or not available
WARNING: [Board 49-26] cannot add Board Part xilinx.com:zcu111:part0:1.3 available at C:/Xilinx/Vivado/2022.2/data/xhub/boards/XilinxBoardStore/boards/Xilinx/zcu111/1.3/board.xml as part xczu28dr-ffvg1517-2-e specified in board_part file is either invalid or not available
WARNING: [Board 49-26] cannot add Board Part xilinx.com:zcu111:part0:1.4 available at C:/Xilinx/Vivado/2022.2/data/xhub/boards/XilinxBoardStore/boards/Xilinx/zcu111/1.4/board.xml as part xczu28dr-ffvg1517-2-e specified in board_part file is either invalid or not available
WARNING: [Board 49-26] cannot add Board Part xilinx.com:zcu1275:part0:1.0 available at C:/Xilinx/Vivado/2022.2/data/xhub/boards/XilinxBoardStore/boards/Xilinx/zcu1275/1.0/board.xml as part xczu29dr-ffvf1760-2-e specified in board_part file is either invalid or not available
WARNING: [Board 49-26] cannot add Board Part xilinx.com:zcu1285:part0:1.0 available at C:/Xilinx/Vivado/2022.2/data/xhub/boards/XilinxBoardStore/boards/Xilinx/zcu1285/1.0/board.xml as part xczu39dr-ffvf1760-2-i specified in board_part file is either invalid or not available
WARNING: [Board 49-26] cannot add Board Part xilinx.com:zcu208:part0:2.0 available at C:/Xilinx/Vivado/2022.2/data/xhub/boards/XilinxBoardStore/boards/Xilinx/zcu208/production/2.0/board.xml as part xczu48dr-fsvg1517-2-e specified in board_part file is either invalid or not available
WARNING: [Board 49-26] cannot add Board Part xilinx.com:zcu208ld:part0:2.0 available at C:/Xilinx/Vivado/2022.2/data/xhub/boards/XilinxBoardStore/boards/Xilinx/zcu208ld/production/2.0/board.xml as part xczu58dr-fsvg1517-2-i specified in board_part file is either invalid or not available
WARNING: [Board 49-26] cannot add Board Part xilinx.com:zcu216:part0:2.0 available at C:/Xilinx/Vivado/2022.2/data/xhub/boards/XilinxBoardStore/boards/Xilinx/zcu216/production/2.0/board.xml as part xczu49dr-ffvf1760-2-e specified in board_part file is either invalid or not available
WARNING: [Board 49-26] cannot add Board Part xilinx.com:zcu216ld:part0:2.0 available at C:/Xilinx/Vivado/2022.2/data/xhub/boards/XilinxBoardStore/boards/Xilinx/zcu216ld/production/2.0/board.xml as part xczu59dr-ffvf1760-2-i specified in board_part file is either invalid or not available
WARNING: [Board 49-26] cannot add Board Part xilinx.com:zcu670:part0:2.0 available at C:/Xilinx/Vivado/2022.2/data/xhub/boards/XilinxBoardStore/boards/Xilinx/zcu670/2.0/board.xml as part xczu67dr-fsve1156-2-i specified in board_part file is either invalid or not available
WARNING: [Board 49-26] cannot add Board Part xilinx.com:zcu670ld:part0:1.0 available at C:/Xilinx/Vivado/2022.2/data/xhub/boards/XilinxBoardStore/boards/Xilinx/zcu670ld/1.0/board.xml as part xczu57dr-fsve1156-2-i specified in board_part file is either invalid or not available
Scanning sources...
Finished scanning sources
INFO: [IP_Flow 19-234] Refreshing IP repositories
INFO: [IP_Flow 19-1704] No user IP repositories specified
INFO: [IP_Flow 19-2313] Loaded Vivado IP repository 'C:/Xilinx/Vivado/2022.2/data/ip'.
open_project: Time (s): cpu = 00:00:20 ; elapsed = 00:00:13 . Memory (MB): peak = 1121.547 ; gain = 225.500
open_run synth_1 -name synth_1
Design is defaulting to impl run constrset: constrs_1
Design is defaulting to synth run part: xc7a35tcpg236-1
INFO: [Device 21-403] Loading part xc7a35tcpg236-1
Netlist sorting complete. Time (s): cpu = 00:00:00 ; elapsed = 00:00:00.001 . Memory (MB): peak = 1481.820 ; gain = 0.000
INFO: [Project 1-479] Netlist was created with Vivado 2022.2
INFO: [Project 1-570] Preparing netlist for logic optimization
Parsing XDC File [C:/Users/1hanv/OneDrive/Documents/EE4301/Lab/EE4301-Labs/lab4/lab4.srcs/constrs_1/new/lab4_top.xdc]
WARNING: [Vivado 12-584] No ports matched 'disp[0]'. [C:/Users/1hanv/OneDrive/Documents/EE4301/Lab/EE4301-Labs/lab4/lab4.srcs/constrs_1/new/lab4_top.xdc:27]
CRITICAL WARNING: [Common 17-55] 'set_property' expects at least one object. [C:/Users/1hanv/OneDrive/Documents/EE4301/Lab/EE4301-Labs/lab4/lab4.srcs/constrs_1/new/lab4_top.xdc:27]
Resolution: If [get_<value>] was used to populate the object, check to make sure this command returns at least one valid object.
WARNING: [Vivado 12-584] No ports matched 'disp[0]'. [C:/Users/1hanv/OneDrive/Documents/EE4301/Lab/EE4301-Labs/lab4/lab4.srcs/constrs_1/new/lab4_top.xdc:28]
CRITICAL WARNING: [Common 17-55] 'set_property' expects at least one object. [C:/Users/1hanv/OneDrive/Documents/EE4301/Lab/EE4301-Labs/lab4/lab4.srcs/constrs_1/new/lab4_top.xdc:28]
Resolution: If [get_<value>] was used to populate the object, check to make sure this command returns at least one valid object.
WARNING: [Vivado 12-584] No ports matched 'disp[1]'. [C:/Users/1hanv/OneDrive/Documents/EE4301/Lab/EE4301-Labs/lab4/lab4.srcs/constrs_1/new/lab4_top.xdc:29]
CRITICAL WARNING: [Common 17-55] 'set_property' expects at least one object. [C:/Users/1hanv/OneDrive/Documents/EE4301/Lab/EE4301-Labs/lab4/lab4.srcs/constrs_1/new/lab4_top.xdc:29]
Resolution: If [get_<value>] was used to populate the object, check to make sure this command returns at least one valid object.
WARNING: [Vivado 12-584] No ports matched 'disp[1]'. [C:/Users/1hanv/OneDrive/Documents/EE4301/Lab/EE4301-Labs/lab4/lab4.srcs/constrs_1/new/lab4_top.xdc:30]
CRITICAL WARNING: [Common 17-55] 'set_property' expects at least one object. [C:/Users/1hanv/OneDrive/Documents/EE4301/Lab/EE4301-Labs/lab4/lab4.srcs/constrs_1/new/lab4_top.xdc:30]
Resolution: If [get_<value>] was used to populate the object, check to make sure this command returns at least one valid object.
WARNING: [Vivado 12-584] No ports matched 'disp[2]'. [C:/Users/1hanv/OneDrive/Documents/EE4301/Lab/EE4301-Labs/lab4/lab4.srcs/constrs_1/new/lab4_top.xdc:31]
CRITICAL WARNING: [Common 17-55] 'set_property' expects at least one object. [C:/Users/1hanv/OneDrive/Documents/EE4301/Lab/EE4301-Labs/lab4/lab4.srcs/constrs_1/new/lab4_top.xdc:31]
Resolution: If [get_<value>] was used to populate the object, check to make sure this command returns at least one valid object.
WARNING: [Vivado 12-584] No ports matched 'disp[2]'. [C:/Users/1hanv/OneDrive/Documents/EE4301/Lab/EE4301-Labs/lab4/lab4.srcs/constrs_1/new/lab4_top.xdc:32]
CRITICAL WARNING: [Common 17-55] 'set_property' expects at least one object. [C:/Users/1hanv/OneDrive/Documents/EE4301/Lab/EE4301-Labs/lab4/lab4.srcs/constrs_1/new/lab4_top.xdc:32]
Resolution: If [get_<value>] was used to populate the object, check to make sure this command returns at least one valid object.
WARNING: [Vivado 12-584] No ports matched 'disp[3]'. [C:/Users/1hanv/OneDrive/Documents/EE4301/Lab/EE4301-Labs/lab4/lab4.srcs/constrs_1/new/lab4_top.xdc:33]
CRITICAL WARNING: [Common 17-55] 'set_property' expects at least one object. [C:/Users/1hanv/OneDrive/Documents/EE4301/Lab/EE4301-Labs/lab4/lab4.srcs/constrs_1/new/lab4_top.xdc:33]
Resolution: If [get_<value>] was used to populate the object, check to make sure this command returns at least one valid object.
WARNING: [Vivado 12-584] No ports matched 'disp[3]'. [C:/Users/1hanv/OneDrive/Documents/EE4301/Lab/EE4301-Labs/lab4/lab4.srcs/constrs_1/new/lab4_top.xdc:34]
CRITICAL WARNING: [Common 17-55] 'set_property' expects at least one object. [C:/Users/1hanv/OneDrive/Documents/EE4301/Lab/EE4301-Labs/lab4/lab4.srcs/constrs_1/new/lab4_top.xdc:34]
Resolution: If [get_<value>] was used to populate the object, check to make sure this command returns at least one valid object.
WARNING: [Vivado 12-584] No ports matched 'disp[4]'. [C:/Users/1hanv/OneDrive/Documents/EE4301/Lab/EE4301-Labs/lab4/lab4.srcs/constrs_1/new/lab4_top.xdc:35]
CRITICAL WARNING: [Common 17-55] 'set_property' expects at least one object. [C:/Users/1hanv/OneDrive/Documents/EE4301/Lab/EE4301-Labs/lab4/lab4.srcs/constrs_1/new/lab4_top.xdc:35]
Resolution: If [get_<value>] was used to populate the object, check to make sure this command returns at least one valid object.
WARNING: [Vivado 12-584] No ports matched 'disp[4]'. [C:/Users/1hanv/OneDrive/Documents/EE4301/Lab/EE4301-Labs/lab4/lab4.srcs/constrs_1/new/lab4_top.xdc:36]
CRITICAL WARNING: [Common 17-55] 'set_property' expects at least one object. [C:/Users/1hanv/OneDrive/Documents/EE4301/Lab/EE4301-Labs/lab4/lab4.srcs/constrs_1/new/lab4_top.xdc:36]
Resolution: If [get_<value>] was used to populate the object, check to make sure this command returns at least one valid object.
WARNING: [Vivado 12-584] No ports matched 'disp[5]'. [C:/Users/1hanv/OneDrive/Documents/EE4301/Lab/EE4301-Labs/lab4/lab4.srcs/constrs_1/new/lab4_top.xdc:37]
CRITICAL WARNING: [Common 17-55] 'set_property' expects at least one object. [C:/Users/1hanv/OneDrive/Documents/EE4301/Lab/EE4301-Labs/lab4/lab4.srcs/constrs_1/new/lab4_top.xdc:37]
Resolution: If [get_<value>] was used to populate the object, check to make sure this command returns at least one valid object.
WARNING: [Vivado 12-584] No ports matched 'disp[5]'. [C:/Users/1hanv/OneDrive/Documents/EE4301/Lab/EE4301-Labs/lab4/lab4.srcs/constrs_1/new/lab4_top.xdc:38]
CRITICAL WARNING: [Common 17-55] 'set_property' expects at least one object. [C:/Users/1hanv/OneDrive/Documents/EE4301/Lab/EE4301-Labs/lab4/lab4.srcs/constrs_1/new/lab4_top.xdc:38]
Resolution: If [get_<value>] was used to populate the object, check to make sure this command returns at least one valid object.
WARNING: [Vivado 12-584] No ports matched 'disp[6]'. [C:/Users/1hanv/OneDrive/Documents/EE4301/Lab/EE4301-Labs/lab4/lab4.srcs/constrs_1/new/lab4_top.xdc:39]
CRITICAL WARNING: [Common 17-55] 'set_property' expects at least one object. [C:/Users/1hanv/OneDrive/Documents/EE4301/Lab/EE4301-Labs/lab4/lab4.srcs/constrs_1/new/lab4_top.xdc:39]
Resolution: If [get_<value>] was used to populate the object, check to make sure this command returns at least one valid object.
WARNING: [Vivado 12-584] No ports matched 'disp[6]'. [C:/Users/1hanv/OneDrive/Documents/EE4301/Lab/EE4301-Labs/lab4/lab4.srcs/constrs_1/new/lab4_top.xdc:40]
CRITICAL WARNING: [Common 17-55] 'set_property' expects at least one object. [C:/Users/1hanv/OneDrive/Documents/EE4301/Lab/EE4301-Labs/lab4/lab4.srcs/constrs_1/new/lab4_top.xdc:40]
Resolution: If [get_<value>] was used to populate the object, check to make sure this command returns at least one valid object.
WARNING: [Vivado 12-584] No ports matched 'anode[0]'. [C:/Users/1hanv/OneDrive/Documents/EE4301/Lab/EE4301-Labs/lab4/lab4.srcs/constrs_1/new/lab4_top.xdc:42]
CRITICAL WARNING: [Common 17-55] 'set_property' expects at least one object. [C:/Users/1hanv/OneDrive/Documents/EE4301/Lab/EE4301-Labs/lab4/lab4.srcs/constrs_1/new/lab4_top.xdc:42]
Resolution: If [get_<value>] was used to populate the object, check to make sure this command returns at least one valid object.
WARNING: [Vivado 12-584] No ports matched 'anode[0]'. [C:/Users/1hanv/OneDrive/Documents/EE4301/Lab/EE4301-Labs/lab4/lab4.srcs/constrs_1/new/lab4_top.xdc:43]
CRITICAL WARNING: [Common 17-55] 'set_property' expects at least one object. [C:/Users/1hanv/OneDrive/Documents/EE4301/Lab/EE4301-Labs/lab4/lab4.srcs/constrs_1/new/lab4_top.xdc:43]
Resolution: If [get_<value>] was used to populate the object, check to make sure this command returns at least one valid object.
WARNING: [Vivado 12-584] No ports matched 'anode[1]'. [C:/Users/1hanv/OneDrive/Documents/EE4301/Lab/EE4301-Labs/lab4/lab4.srcs/constrs_1/new/lab4_top.xdc:44]
CRITICAL WARNING: [Common 17-55] 'set_property' expects at least one object. [C:/Users/1hanv/OneDrive/Documents/EE4301/Lab/EE4301-Labs/lab4/lab4.srcs/constrs_1/new/lab4_top.xdc:44]
Resolution: If [get_<value>] was used to populate the object, check to make sure this command returns at least one valid object.
WARNING: [Vivado 12-584] No ports matched 'anode[1]'. [C:/Users/1hanv/OneDrive/Documents/EE4301/Lab/EE4301-Labs/lab4/lab4.srcs/constrs_1/new/lab4_top.xdc:45]
CRITICAL WARNING: [Common 17-55] 'set_property' expects at least one object. [C:/Users/1hanv/OneDrive/Documents/EE4301/Lab/EE4301-Labs/lab4/lab4.srcs/constrs_1/new/lab4_top.xdc:45]
Resolution: If [get_<value>] was used to populate the object, check to make sure this command returns at least one valid object.
WARNING: [Vivado 12-584] No ports matched 'anode[2]'. [C:/Users/1hanv/OneDrive/Documents/EE4301/Lab/EE4301-Labs/lab4/lab4.srcs/constrs_1/new/lab4_top.xdc:46]
CRITICAL WARNING: [Common 17-55] 'set_property' expects at least one object. [C:/Users/1hanv/OneDrive/Documents/EE4301/Lab/EE4301-Labs/lab4/lab4.srcs/constrs_1/new/lab4_top.xdc:46]
Resolution: If [get_<value>] was used to populate the object, check to make sure this command returns at least one valid object.
WARNING: [Vivado 12-584] No ports matched 'anode[2]'. [C:/Users/1hanv/OneDrive/Documents/EE4301/Lab/EE4301-Labs/lab4/lab4.srcs/constrs_1/new/lab4_top.xdc:47]
CRITICAL WARNING: [Common 17-55] 'set_property' expects at least one object. [C:/Users/1hanv/OneDrive/Documents/EE4301/Lab/EE4301-Labs/lab4/lab4.srcs/constrs_1/new/lab4_top.xdc:47]
Resolution: If [get_<value>] was used to populate the object, check to make sure this command returns at least one valid object.
WARNING: [Vivado 12-584] No ports matched 'anode[3]'. [C:/Users/1hanv/OneDrive/Documents/EE4301/Lab/EE4301-Labs/lab4/lab4.srcs/constrs_1/new/lab4_top.xdc:48]
CRITICAL WARNING: [Common 17-55] 'set_property' expects at least one object. [C:/Users/1hanv/OneDrive/Documents/EE4301/Lab/EE4301-Labs/lab4/lab4.srcs/constrs_1/new/lab4_top.xdc:48]
Resolution: If [get_<value>] was used to populate the object, check to make sure this command returns at least one valid object.
WARNING: [Vivado 12-584] No ports matched 'anode[3]'. [C:/Users/1hanv/OneDrive/Documents/EE4301/Lab/EE4301-Labs/lab4/lab4.srcs/constrs_1/new/lab4_top.xdc:49]
CRITICAL WARNING: [Common 17-55] 'set_property' expects at least one object. [C:/Users/1hanv/OneDrive/Documents/EE4301/Lab/EE4301-Labs/lab4/lab4.srcs/constrs_1/new/lab4_top.xdc:49]
Resolution: If [get_<value>] was used to populate the object, check to make sure this command returns at least one valid object.
WARNING: [Vivado 12-584] No ports matched 'seed[0]'. [C:/Users/1hanv/OneDrive/Documents/EE4301/Lab/EE4301-Labs/lab4/lab4.srcs/constrs_1/new/lab4_top.xdc:52]
CRITICAL WARNING: [Common 17-55] 'set_property' expects at least one object. [C:/Users/1hanv/OneDrive/Documents/EE4301/Lab/EE4301-Labs/lab4/lab4.srcs/constrs_1/new/lab4_top.xdc:52]
Resolution: If [get_<value>] was used to populate the object, check to make sure this command returns at least one valid object.
WARNING: [Vivado 12-584] No ports matched 'seed[0]'. [C:/Users/1hanv/OneDrive/Documents/EE4301/Lab/EE4301-Labs/lab4/lab4.srcs/constrs_1/new/lab4_top.xdc:53]
CRITICAL WARNING: [Common 17-55] 'set_property' expects at least one object. [C:/Users/1hanv/OneDrive/Documents/EE4301/Lab/EE4301-Labs/lab4/lab4.srcs/constrs_1/new/lab4_top.xdc:53]
Resolution: If [get_<value>] was used to populate the object, check to make sure this command returns at least one valid object.
WARNING: [Vivado 12-584] No ports matched 'seed[1]'. [C:/Users/1hanv/OneDrive/Documents/EE4301/Lab/EE4301-Labs/lab4/lab4.srcs/constrs_1/new/lab4_top.xdc:54]
CRITICAL WARNING: [Common 17-55] 'set_property' expects at least one object. [C:/Users/1hanv/OneDrive/Documents/EE4301/Lab/EE4301-Labs/lab4/lab4.srcs/constrs_1/new/lab4_top.xdc:54]
Resolution: If [get_<value>] was used to populate the object, check to make sure this command returns at least one valid object.
WARNING: [Vivado 12-584] No ports matched 'seed[1]'. [C:/Users/1hanv/OneDrive/Documents/EE4301/Lab/EE4301-Labs/lab4/lab4.srcs/constrs_1/new/lab4_top.xdc:55]
CRITICAL WARNING: [Common 17-55] 'set_property' expects at least one object. [C:/Users/1hanv/OneDrive/Documents/EE4301/Lab/EE4301-Labs/lab4/lab4.srcs/constrs_1/new/lab4_top.xdc:55]
Resolution: If [get_<value>] was used to populate the object, check to make sure this command returns at least one valid object.
WARNING: [Vivado 12-584] No ports matched 'seed[2]'. [C:/Users/1hanv/OneDrive/Documents/EE4301/Lab/EE4301-Labs/lab4/lab4.srcs/constrs_1/new/lab4_top.xdc:56]
CRITICAL WARNING: [Common 17-55] 'set_property' expects at least one object. [C:/Users/1hanv/OneDrive/Documents/EE4301/Lab/EE4301-Labs/lab4/lab4.srcs/constrs_1/new/lab4_top.xdc:56]
Resolution: If [get_<value>] was used to populate the object, check to make sure this command returns at least one valid object.
WARNING: [Vivado 12-584] No ports matched 'seed[2]'. [C:/Users/1hanv/OneDrive/Documents/EE4301/Lab/EE4301-Labs/lab4/lab4.srcs/constrs_1/new/lab4_top.xdc:57]
CRITICAL WARNING: [Common 17-55] 'set_property' expects at least one object. [C:/Users/1hanv/OneDrive/Documents/EE4301/Lab/EE4301-Labs/lab4/lab4.srcs/constrs_1/new/lab4_top.xdc:57]
Resolution: If [get_<value>] was used to populate the object, check to make sure this command returns at least one valid object.
WARNING: [Vivado 12-584] No ports matched 'seed[3]'. [C:/Users/1hanv/OneDrive/Documents/EE4301/Lab/EE4301-Labs/lab4/lab4.srcs/constrs_1/new/lab4_top.xdc:58]
CRITICAL WARNING: [Common 17-55] 'set_property' expects at least one object. [C:/Users/1hanv/OneDrive/Documents/EE4301/Lab/EE4301-Labs/lab4/lab4.srcs/constrs_1/new/lab4_top.xdc:58]
Resolution: If [get_<value>] was used to populate the object, check to make sure this command returns at least one valid object.
WARNING: [Vivado 12-584] No ports matched 'seed[3]'. [C:/Users/1hanv/OneDrive/Documents/EE4301/Lab/EE4301-Labs/lab4/lab4.srcs/constrs_1/new/lab4_top.xdc:59]
CRITICAL WARNING: [Common 17-55] 'set_property' expects at least one object. [C:/Users/1hanv/OneDrive/Documents/EE4301/Lab/EE4301-Labs/lab4/lab4.srcs/constrs_1/new/lab4_top.xdc:59]
Resolution: If [get_<value>] was used to populate the object, check to make sure this command returns at least one valid object.
WARNING: [Vivado 12-584] No ports matched 'seed[4]'. [C:/Users/1hanv/OneDrive/Documents/EE4301/Lab/EE4301-Labs/lab4/lab4.srcs/constrs_1/new/lab4_top.xdc:60]
CRITICAL WARNING: [Common 17-55] 'set_property' expects at least one object. [C:/Users/1hanv/OneDrive/Documents/EE4301/Lab/EE4301-Labs/lab4/lab4.srcs/constrs_1/new/lab4_top.xdc:60]
Resolution: If [get_<value>] was used to populate the object, check to make sure this command returns at least one valid object.
WARNING: [Vivado 12-584] No ports matched 'seed[4]'. [C:/Users/1hanv/OneDrive/Documents/EE4301/Lab/EE4301-Labs/lab4/lab4.srcs/constrs_1/new/lab4_top.xdc:61]
CRITICAL WARNING: [Common 17-55] 'set_property' expects at least one object. [C:/Users/1hanv/OneDrive/Documents/EE4301/Lab/EE4301-Labs/lab4/lab4.srcs/constrs_1/new/lab4_top.xdc:61]
Resolution: If [get_<value>] was used to populate the object, check to make sure this command returns at least one valid object.
WARNING: [Vivado 12-584] No ports matched 'seed[5]'. [C:/Users/1hanv/OneDrive/Documents/EE4301/Lab/EE4301-Labs/lab4/lab4.srcs/constrs_1/new/lab4_top.xdc:62]
CRITICAL WARNING: [Common 17-55] 'set_property' expects at least one object. [C:/Users/1hanv/OneDrive/Documents/EE4301/Lab/EE4301-Labs/lab4/lab4.srcs/constrs_1/new/lab4_top.xdc:62]
Resolution: If [get_<value>] was used to populate the object, check to make sure this command returns at least one valid object.
WARNING: [Vivado 12-584] No ports matched 'seed[5]'. [C:/Users/1hanv/OneDrive/Documents/EE4301/Lab/EE4301-Labs/lab4/lab4.srcs/constrs_1/new/lab4_top.xdc:63]
CRITICAL WARNING: [Common 17-55] 'set_property' expects at least one object. [C:/Users/1hanv/OneDrive/Documents/EE4301/Lab/EE4301-Labs/lab4/lab4.srcs/constrs_1/new/lab4_top.xdc:63]
Resolution: If [get_<value>] was used to populate the object, check to make sure this command returns at least one valid object.
WARNING: [Vivado 12-584] No ports matched 'seed[6]'. [C:/Users/1hanv/OneDrive/Documents/EE4301/Lab/EE4301-Labs/lab4/lab4.srcs/constrs_1/new/lab4_top.xdc:64]
CRITICAL WARNING: [Common 17-55] 'set_property' expects at least one object. [C:/Users/1hanv/OneDrive/Documents/EE4301/Lab/EE4301-Labs/lab4/lab4.srcs/constrs_1/new/lab4_top.xdc:64]
Resolution: If [get_<value>] was used to populate the object, check to make sure this command returns at least one valid object.
WARNING: [Vivado 12-584] No ports matched 'seed[6]'. [C:/Users/1hanv/OneDrive/Documents/EE4301/Lab/EE4301-Labs/lab4/lab4.srcs/constrs_1/new/lab4_top.xdc:65]
CRITICAL WARNING: [Common 17-55] 'set_property' expects at least one object. [C:/Users/1hanv/OneDrive/Documents/EE4301/Lab/EE4301-Labs/lab4/lab4.srcs/constrs_1/new/lab4_top.xdc:65]
Resolution: If [get_<value>] was used to populate the object, check to make sure this command returns at least one valid object.
WARNING: [Vivado 12-584] No ports matched 'seed[7]'. [C:/Users/1hanv/OneDrive/Documents/EE4301/Lab/EE4301-Labs/lab4/lab4.srcs/constrs_1/new/lab4_top.xdc:66]
CRITICAL WARNING: [Common 17-55] 'set_property' expects at least one object. [C:/Users/1hanv/OneDrive/Documents/EE4301/Lab/EE4301-Labs/lab4/lab4.srcs/constrs_1/new/lab4_top.xdc:66]
Resolution: If [get_<value>] was used to populate the object, check to make sure this command returns at least one valid object.
WARNING: [Vivado 12-584] No ports matched 'seed[7]'. [C:/Users/1hanv/OneDrive/Documents/EE4301/Lab/EE4301-Labs/lab4/lab4.srcs/constrs_1/new/lab4_top.xdc:67]
CRITICAL WARNING: [Common 17-55] 'set_property' expects at least one object. [C:/Users/1hanv/OneDrive/Documents/EE4301/Lab/EE4301-Labs/lab4/lab4.srcs/constrs_1/new/lab4_top.xdc:67]
Resolution: If [get_<value>] was used to populate the object, check to make sure this command returns at least one valid object.
WARNING: [Vivado 12-584] No ports matched 'roll'. [C:/Users/1hanv/OneDrive/Documents/EE4301/Lab/EE4301-Labs/lab4/lab4.srcs/constrs_1/new/lab4_top.xdc:72]
CRITICAL WARNING: [Common 17-55] 'set_property' expects at least one object. [C:/Users/1hanv/OneDrive/Documents/EE4301/Lab/EE4301-Labs/lab4/lab4.srcs/constrs_1/new/lab4_top.xdc:72]
Resolution: If [get_<value>] was used to populate the object, check to make sure this command returns at least one valid object.
WARNING: [Vivado 12-584] No ports matched 'roll'. [C:/Users/1hanv/OneDrive/Documents/EE4301/Lab/EE4301-Labs/lab4/lab4.srcs/constrs_1/new/lab4_top.xdc:73]
CRITICAL WARNING: [Common 17-55] 'set_property' expects at least one object. [C:/Users/1hanv/OneDrive/Documents/EE4301/Lab/EE4301-Labs/lab4/lab4.srcs/constrs_1/new/lab4_top.xdc:73]
Resolution: If [get_<value>] was used to populate the object, check to make sure this command returns at least one valid object.
Finished Parsing XDC File [C:/Users/1hanv/OneDrive/Documents/EE4301/Lab/EE4301-Labs/lab4/lab4.srcs/constrs_1/new/lab4_top.xdc]
INFO: [Opt 31-138] Pushed 0 inverter(s) to 0 load pin(s).
Netlist sorting complete. Time (s): cpu = 00:00:00 ; elapsed = 00:00:00 . Memory (MB): peak = 1565.242 ; gain = 0.000
INFO: [Project 1-111] Unisim Transformation Summary:
No Unisim elements were transformed.

open_run: Time (s): cpu = 00:00:15 ; elapsed = 00:00:15 . Memory (MB): peak = 1694.684 ; gain = 560.293
update_compile_order -fileset sources_1
exit
INFO: [Common 17-206] Exiting Vivado at Sun Jul 16 23:01:44 2023...
