
*** Running vivado
    with args -log lab4_top.vds -m64 -product Vivado -mode batch -messageDb vivado.pb -notrace -source lab4_top.tcl



****** Vivado v2022.2 (64-bit)
  **** SW Build 3671981 on Fri Oct 14 05:00:03 MDT 2022
  **** IP Build 3669848 on Fri Oct 14 08:30:02 MDT 2022
    ** Copyright 1986-2022 Xilinx, Inc. All Rights Reserved.

source lab4_top.tcl -notrace
create_project: Time (s): cpu = 00:00:06 ; elapsed = 00:00:08 . Memory (MB): peak = 394.164 ; gain = 70.250
Command: read_checkpoint -auto_incremental -incremental C:/Users/1hanv/OneDrive/Documents/EE4301/Lab/EE4301-Labs/lab4/lab4.srcs/utils_1/imports/synth_1/lab4_top.dcp
INFO: [Vivado 12-5825] Read reference checkpoint from C:/Users/1hanv/OneDrive/Documents/EE4301/Lab/EE4301-Labs/lab4/lab4.srcs/utils_1/imports/synth_1/lab4_top.dcp for incremental synthesis
INFO: [Vivado 12-7989] Please ensure there are no constraint changes
Command: synth_design -top lab4_top -part xc7a35tcpg236-1
Starting synth_design
Attempting to get a license for feature 'Synthesis' and/or device 'xc7a35t'
INFO: [Common 17-349] Got license for feature 'Synthesis' and/or device 'xc7a35t'
INFO: [Device 21-403] Loading part xc7a35tcpg236-1
INFO: [Designutils 20-5440] No compile time benefit to using incremental synthesis; A full resynthesis will be run
INFO: [Designutils 20-4379] Flow is switching to default flow due to incremental criteria not met. If you would like to alter this behaviour and have the flow terminate instead, please set the following parameter config_implementation {autoIncr.Synth.RejectBehavior Terminate}
INFO: [Synth 8-7079] Multithreading enabled for synth_design using a maximum of 2 processes.
INFO: [Synth 8-7078] Launching helper process for spawning children vivado processes
INFO: [Synth 8-7075] Helper process launched with PID 9096
INFO: [Synth 8-11241] undeclared symbol 'REGCCE', assumed default net type 'wire' [C:/Xilinx/Vivado/2022.2/data/verilog/src/unimacro/BRAM_SINGLE_MACRO.v:2170]
---------------------------------------------------------------------------------
Starting RTL Elaboration : Time (s): cpu = 00:00:06 ; elapsed = 00:00:12 . Memory (MB): peak = 1206.129 ; gain = 409.340
---------------------------------------------------------------------------------
INFO: [Synth 8-6157] synthesizing module 'lab4_top' [C:/Users/1hanv/OneDrive/Documents/EE4301/Lab/EE4301-Labs/lab4/lab4.srcs/sources_1/new/lab4_top.v:3]
INFO: [Synth 8-6157] synthesizing module 'clock_divider' [C:/Users/1hanv/OneDrive/Documents/EE4301/Lab/EE4301-Labs/lab4/lab4.srcs/sources_1/new/clock_divider.v:1]
INFO: [Synth 8-6155] done synthesizing module 'clock_divider' (0#1) [C:/Users/1hanv/OneDrive/Documents/EE4301/Lab/EE4301-Labs/lab4/lab4.srcs/sources_1/new/clock_divider.v:1]
WARNING: [Synth 8-6104] Input port 'clk' has an internal driver [C:/Users/1hanv/OneDrive/Documents/EE4301/Lab/EE4301-Labs/lab4/lab4.srcs/sources_1/new/lab4_top.v:9]
INFO: [Synth 8-6157] synthesizing module 'lfsr' [C:/Users/1hanv/OneDrive/Documents/EE4301/Lab/EE4301-Labs/lab4/lab4.srcs/sources_1/new/lfsr.v:3]
INFO: [Synth 8-6155] done synthesizing module 'lfsr' (0#1) [C:/Users/1hanv/OneDrive/Documents/EE4301/Lab/EE4301-Labs/lab4/lab4.srcs/sources_1/new/lfsr.v:3]
INFO: [Synth 8-6155] done synthesizing module 'lab4_top' (0#1) [C:/Users/1hanv/OneDrive/Documents/EE4301/Lab/EE4301-Labs/lab4/lab4.srcs/sources_1/new/lab4_top.v:3]
WARNING: [Synth 8-3848] Net cout in module/entity lab4_top does not have driver. [C:/Users/1hanv/OneDrive/Documents/EE4301/Lab/EE4301-Labs/lab4/lab4.srcs/sources_1/new/lab4_top.v:8]
---------------------------------------------------------------------------------
Finished RTL Elaboration : Time (s): cpu = 00:00:08 ; elapsed = 00:00:15 . Memory (MB): peak = 1295.887 ; gain = 499.098
---------------------------------------------------------------------------------
---------------------------------------------------------------------------------
Start Handling Custom Attributes
---------------------------------------------------------------------------------
---------------------------------------------------------------------------------
Finished Handling Custom Attributes : Time (s): cpu = 00:00:08 ; elapsed = 00:00:15 . Memory (MB): peak = 1295.887 ; gain = 499.098
---------------------------------------------------------------------------------
---------------------------------------------------------------------------------
Finished RTL Optimization Phase 1 : Time (s): cpu = 00:00:08 ; elapsed = 00:00:15 . Memory (MB): peak = 1295.887 ; gain = 499.098
---------------------------------------------------------------------------------
Netlist sorting complete. Time (s): cpu = 00:00:00 ; elapsed = 00:00:00.005 . Memory (MB): peak = 1295.887 ; gain = 0.000
INFO: [Project 1-570] Preparing netlist for logic optimization

Processing XDC Constraints
Initializing timing engine
Parsing XDC File [C:/Users/1hanv/OneDrive/Documents/EE4301/Lab/EE4301-Labs/lab4/lab4.srcs/constrs_1/new/lab4_top.xdc]
WARNING: [Vivado 12-584] No ports matched 'disp[0]'. [C:/Users/1hanv/OneDrive/Documents/EE4301/Lab/EE4301-Labs/lab4/lab4.srcs/constrs_1/new/lab4_top.xdc:27]
CRITICAL WARNING: [Common 17-55] 'set_property' expects at least one object. [C:/Users/1hanv/OneDrive/Documents/EE4301/Lab/EE4301-Labs/lab4/lab4.srcs/constrs_1/new/lab4_top.xdc:27]
Resolution: If [get_<value>] was used to populate the object, check to make sure this command returns at least one valid object.
WARNING: [Vivado 12-584] No ports matched 'disp[0]'. [C:/Users/1hanv/OneDrive/Documents/EE4301/Lab/EE4301-Labs/lab4/lab4.srcs/constrs_1/new/lab4_top.xdc:28]
CRITICAL WARNING: [Common 17-55] 'set_property' expects at least one object. [C:/Users/1hanv/OneDrive/Documents/EE4301/Lab/EE4301-Labs/lab4/lab4.srcs/constrs_1/new/lab4_top.xdc:28]
Resolution: If [get_<value>] was used to populate the object, check to make sure this command returns at least one valid object.
WARNING: [Vivado 12-584] No ports matched 'disp[1]'. [C:/Users/1hanv/OneDrive/Documents/EE4301/Lab/EE4301-Labs/lab4/lab4.srcs/constrs_1/new/lab4_top.xdc:29]
CRITICAL WARNING: [Common 17-55] 'set_property' expects at least one object. [C:/Users/1hanv/OneDrive/Documents/EE4301/Lab/EE4301-Labs/lab4/lab4.srcs/constrs_1/new/lab4_top.xdc:29]
Resolution: If [get_<value>] was used to populate the object, check to make sure this command returns at least one valid object.
WARNING: [Vivado 12-584] No ports matched 'disp[1]'. [C:/Users/1hanv/OneDrive/Documents/EE4301/Lab/EE4301-Labs/lab4/lab4.srcs/constrs_1/new/lab4_top.xdc:30]
CRITICAL WARNING: [Common 17-55] 'set_property' expects at least one object. [C:/Users/1hanv/OneDrive/Documents/EE4301/Lab/EE4301-Labs/lab4/lab4.srcs/constrs_1/new/lab4_top.xdc:30]
Resolution: If [get_<value>] was used to populate the object, check to make sure this command returns at least one valid object.
WARNING: [Vivado 12-584] No ports matched 'disp[2]'. [C:/Users/1hanv/OneDrive/Documents/EE4301/Lab/EE4301-Labs/lab4/lab4.srcs/constrs_1/new/lab4_top.xdc:31]
CRITICAL WARNING: [Common 17-55] 'set_property' expects at least one object. [C:/Users/1hanv/OneDrive/Documents/EE4301/Lab/EE4301-Labs/lab4/lab4.srcs/constrs_1/new/lab4_top.xdc:31]
Resolution: If [get_<value>] was used to populate the object, check to make sure this command returns at least one valid object.
WARNING: [Vivado 12-584] No ports matched 'disp[2]'. [C:/Users/1hanv/OneDrive/Documents/EE4301/Lab/EE4301-Labs/lab4/lab4.srcs/constrs_1/new/lab4_top.xdc:32]
CRITICAL WARNING: [Common 17-55] 'set_property' expects at least one object. [C:/Users/1hanv/OneDrive/Documents/EE4301/Lab/EE4301-Labs/lab4/lab4.srcs/constrs_1/new/lab4_top.xdc:32]
Resolution: If [get_<value>] was used to populate the object, check to make sure this command returns at least one valid object.
WARNING: [Vivado 12-584] No ports matched 'disp[3]'. [C:/Users/1hanv/OneDrive/Documents/EE4301/Lab/EE4301-Labs/lab4/lab4.srcs/constrs_1/new/lab4_top.xdc:33]
CRITICAL WARNING: [Common 17-55] 'set_property' expects at least one object. [C:/Users/1hanv/OneDrive/Documents/EE4301/Lab/EE4301-Labs/lab4/lab4.srcs/constrs_1/new/lab4_top.xdc:33]
Resolution: If [get_<value>] was used to populate the object, check to make sure this command returns at least one valid object.
WARNING: [Vivado 12-584] No ports matched 'disp[3]'. [C:/Users/1hanv/OneDrive/Documents/EE4301/Lab/EE4301-Labs/lab4/lab4.srcs/constrs_1/new/lab4_top.xdc:34]
CRITICAL WARNING: [Common 17-55] 'set_property' expects at least one object. [C:/Users/1hanv/OneDrive/Documents/EE4301/Lab/EE4301-Labs/lab4/lab4.srcs/constrs_1/new/lab4_top.xdc:34]
Resolution: If [get_<value>] was used to populate the object, check to make sure this command returns at least one valid object.
WARNING: [Vivado 12-584] No ports matched 'disp[4]'. [C:/Users/1hanv/OneDrive/Documents/EE4301/Lab/EE4301-Labs/lab4/lab4.srcs/constrs_1/new/lab4_top.xdc:35]
CRITICAL WARNING: [Common 17-55] 'set_property' expects at least one object. [C:/Users/1hanv/OneDrive/Documents/EE4301/Lab/EE4301-Labs/lab4/lab4.srcs/constrs_1/new/lab4_top.xdc:35]
Resolution: If [get_<value>] was used to populate the object, check to make sure this command returns at least one valid object.
WARNING: [Vivado 12-584] No ports matched 'disp[4]'. [C:/Users/1hanv/OneDrive/Documents/EE4301/Lab/EE4301-Labs/lab4/lab4.srcs/constrs_1/new/lab4_top.xdc:36]
CRITICAL WARNING: [Common 17-55] 'set_property' expects at least one object. [C:/Users/1hanv/OneDrive/Documents/EE4301/Lab/EE4301-Labs/lab4/lab4.srcs/constrs_1/new/lab4_top.xdc:36]
Resolution: If [get_<value>] was used to populate the object, check to make sure this command returns at least one valid object.
WARNING: [Vivado 12-584] No ports matched 'disp[5]'. [C:/Users/1hanv/OneDrive/Documents/EE4301/Lab/EE4301-Labs/lab4/lab4.srcs/constrs_1/new/lab4_top.xdc:37]
CRITICAL WARNING: [Common 17-55] 'set_property' expects at least one object. [C:/Users/1hanv/OneDrive/Documents/EE4301/Lab/EE4301-Labs/lab4/lab4.srcs/constrs_1/new/lab4_top.xdc:37]
Resolution: If [get_<value>] was used to populate the object, check to make sure this command returns at least one valid object.
WARNING: [Vivado 12-584] No ports matched 'disp[5]'. [C:/Users/1hanv/OneDrive/Documents/EE4301/Lab/EE4301-Labs/lab4/lab4.srcs/constrs_1/new/lab4_top.xdc:38]
CRITICAL WARNING: [Common 17-55] 'set_property' expects at least one object. [C:/Users/1hanv/OneDrive/Documents/EE4301/Lab/EE4301-Labs/lab4/lab4.srcs/constrs_1/new/lab4_top.xdc:38]
Resolution: If [get_<value>] was used to populate the object, check to make sure this command returns at least one valid object.
WARNING: [Vivado 12-584] No ports matched 'disp[6]'. [C:/Users/1hanv/OneDrive/Documents/EE4301/Lab/EE4301-Labs/lab4/lab4.srcs/constrs_1/new/lab4_top.xdc:39]
CRITICAL WARNING: [Common 17-55] 'set_property' expects at least one object. [C:/Users/1hanv/OneDrive/Documents/EE4301/Lab/EE4301-Labs/lab4/lab4.srcs/constrs_1/new/lab4_top.xdc:39]
Resolution: If [get_<value>] was used to populate the object, check to make sure this command returns at least one valid object.
WARNING: [Vivado 12-584] No ports matched 'disp[6]'. [C:/Users/1hanv/OneDrive/Documents/EE4301/Lab/EE4301-Labs/lab4/lab4.srcs/constrs_1/new/lab4_top.xdc:40]
CRITICAL WARNING: [Common 17-55] 'set_property' expects at least one object. [C:/Users/1hanv/OneDrive/Documents/EE4301/Lab/EE4301-Labs/lab4/lab4.srcs/constrs_1/new/lab4_top.xdc:40]
Resolution: If [get_<value>] was used to populate the object, check to make sure this command returns at least one valid object.
WARNING: [Vivado 12-584] No ports matched 'anode[0]'. [C:/Users/1hanv/OneDrive/Documents/EE4301/Lab/EE4301-Labs/lab4/lab4.srcs/constrs_1/new/lab4_top.xdc:42]
CRITICAL WARNING: [Common 17-55] 'set_property' expects at least one object. [C:/Users/1hanv/OneDrive/Documents/EE4301/Lab/EE4301-Labs/lab4/lab4.srcs/constrs_1/new/lab4_top.xdc:42]
Resolution: If [get_<value>] was used to populate the object, check to make sure this command returns at least one valid object.
WARNING: [Vivado 12-584] No ports matched 'anode[0]'. [C:/Users/1hanv/OneDrive/Documents/EE4301/Lab/EE4301-Labs/lab4/lab4.srcs/constrs_1/new/lab4_top.xdc:43]
CRITICAL WARNING: [Common 17-55] 'set_property' expects at least one object. [C:/Users/1hanv/OneDrive/Documents/EE4301/Lab/EE4301-Labs/lab4/lab4.srcs/constrs_1/new/lab4_top.xdc:43]
Resolution: If [get_<value>] was used to populate the object, check to make sure this command returns at least one valid object.
WARNING: [Vivado 12-584] No ports matched 'anode[1]'. [C:/Users/1hanv/OneDrive/Documents/EE4301/Lab/EE4301-Labs/lab4/lab4.srcs/constrs_1/new/lab4_top.xdc:44]
CRITICAL WARNING: [Common 17-55] 'set_property' expects at least one object. [C:/Users/1hanv/OneDrive/Documents/EE4301/Lab/EE4301-Labs/lab4/lab4.srcs/constrs_1/new/lab4_top.xdc:44]
Resolution: If [get_<value>] was used to populate the object, check to make sure this command returns at least one valid object.
WARNING: [Vivado 12-584] No ports matched 'anode[1]'. [C:/Users/1hanv/OneDrive/Documents/EE4301/Lab/EE4301-Labs/lab4/lab4.srcs/constrs_1/new/lab4_top.xdc:45]
CRITICAL WARNING: [Common 17-55] 'set_property' expects at least one object. [C:/Users/1hanv/OneDrive/Documents/EE4301/Lab/EE4301-Labs/lab4/lab4.srcs/constrs_1/new/lab4_top.xdc:45]
Resolution: If [get_<value>] was used to populate the object, check to make sure this command returns at least one valid object.
WARNING: [Vivado 12-584] No ports matched 'anode[2]'. [C:/Users/1hanv/OneDrive/Documents/EE4301/Lab/EE4301-Labs/lab4/lab4.srcs/constrs_1/new/lab4_top.xdc:46]
CRITICAL WARNING: [Common 17-55] 'set_property' expects at least one object. [C:/Users/1hanv/OneDrive/Documents/EE4301/Lab/EE4301-Labs/lab4/lab4.srcs/constrs_1/new/lab4_top.xdc:46]
Resolution: If [get_<value>] was used to populate the object, check to make sure this command returns at least one valid object.
WARNING: [Vivado 12-584] No ports matched 'anode[2]'. [C:/Users/1hanv/OneDrive/Documents/EE4301/Lab/EE4301-Labs/lab4/lab4.srcs/constrs_1/new/lab4_top.xdc:47]
CRITICAL WARNING: [Common 17-55] 'set_property' expects at least one object. [C:/Users/1hanv/OneDrive/Documents/EE4301/Lab/EE4301-Labs/lab4/lab4.srcs/constrs_1/new/lab4_top.xdc:47]
Resolution: If [get_<value>] was used to populate the object, check to make sure this command returns at least one valid object.
WARNING: [Vivado 12-584] No ports matched 'anode[3]'. [C:/Users/1hanv/OneDrive/Documents/EE4301/Lab/EE4301-Labs/lab4/lab4.srcs/constrs_1/new/lab4_top.xdc:48]
CRITICAL WARNING: [Common 17-55] 'set_property' expects at least one object. [C:/Users/1hanv/OneDrive/Documents/EE4301/Lab/EE4301-Labs/lab4/lab4.srcs/constrs_1/new/lab4_top.xdc:48]
Resolution: If [get_<value>] was used to populate the object, check to make sure this command returns at least one valid object.
WARNING: [Vivado 12-584] No ports matched 'anode[3]'. [C:/Users/1hanv/OneDrive/Documents/EE4301/Lab/EE4301-Labs/lab4/lab4.srcs/constrs_1/new/lab4_top.xdc:49]
CRITICAL WARNING: [Common 17-55] 'set_property' expects at least one object. [C:/Users/1hanv/OneDrive/Documents/EE4301/Lab/EE4301-Labs/lab4/lab4.srcs/constrs_1/new/lab4_top.xdc:49]
Resolution: If [get_<value>] was used to populate the object, check to make sure this command returns at least one valid object.
WARNING: [Vivado 12-584] No ports matched 'seed[0]'. [C:/Users/1hanv/OneDrive/Documents/EE4301/Lab/EE4301-Labs/lab4/lab4.srcs/constrs_1/new/lab4_top.xdc:52]
CRITICAL WARNING: [Common 17-55] 'set_property' expects at least one object. [C:/Users/1hanv/OneDrive/Documents/EE4301/Lab/EE4301-Labs/lab4/lab4.srcs/constrs_1/new/lab4_top.xdc:52]
Resolution: If [get_<value>] was used to populate the object, check to make sure this command returns at least one valid object.
WARNING: [Vivado 12-584] No ports matched 'seed[0]'. [C:/Users/1hanv/OneDrive/Documents/EE4301/Lab/EE4301-Labs/lab4/lab4.srcs/constrs_1/new/lab4_top.xdc:53]
CRITICAL WARNING: [Common 17-55] 'set_property' expects at least one object. [C:/Users/1hanv/OneDrive/Documents/EE4301/Lab/EE4301-Labs/lab4/lab4.srcs/constrs_1/new/lab4_top.xdc:53]
Resolution: If [get_<value>] was used to populate the object, check to make sure this command returns at least one valid object.
WARNING: [Vivado 12-584] No ports matched 'seed[1]'. [C:/Users/1hanv/OneDrive/Documents/EE4301/Lab/EE4301-Labs/lab4/lab4.srcs/constrs_1/new/lab4_top.xdc:54]
CRITICAL WARNING: [Common 17-55] 'set_property' expects at least one object. [C:/Users/1hanv/OneDrive/Documents/EE4301/Lab/EE4301-Labs/lab4/lab4.srcs/constrs_1/new/lab4_top.xdc:54]
Resolution: If [get_<value>] was used to populate the object, check to make sure this command returns at least one valid object.
WARNING: [Vivado 12-584] No ports matched 'seed[1]'. [C:/Users/1hanv/OneDrive/Documents/EE4301/Lab/EE4301-Labs/lab4/lab4.srcs/constrs_1/new/lab4_top.xdc:55]
CRITICAL WARNING: [Common 17-55] 'set_property' expects at least one object. [C:/Users/1hanv/OneDrive/Documents/EE4301/Lab/EE4301-Labs/lab4/lab4.srcs/constrs_1/new/lab4_top.xdc:55]
Resolution: If [get_<value>] was used to populate the object, check to make sure this command returns at least one valid object.
WARNING: [Vivado 12-584] No ports matched 'seed[2]'. [C:/Users/1hanv/OneDrive/Documents/EE4301/Lab/EE4301-Labs/lab4/lab4.srcs/constrs_1/new/lab4_top.xdc:56]
CRITICAL WARNING: [Common 17-55] 'set_property' expects at least one object. [C:/Users/1hanv/OneDrive/Documents/EE4301/Lab/EE4301-Labs/lab4/lab4.srcs/constrs_1/new/lab4_top.xdc:56]
Resolution: If [get_<value>] was used to populate the object, check to make sure this command returns at least one valid object.
WARNING: [Vivado 12-584] No ports matched 'seed[2]'. [C:/Users/1hanv/OneDrive/Documents/EE4301/Lab/EE4301-Labs/lab4/lab4.srcs/constrs_1/new/lab4_top.xdc:57]
CRITICAL WARNING: [Common 17-55] 'set_property' expects at least one object. [C:/Users/1hanv/OneDrive/Documents/EE4301/Lab/EE4301-Labs/lab4/lab4.srcs/constrs_1/new/lab4_top.xdc:57]
Resolution: If [get_<value>] was used to populate the object, check to make sure this command returns at least one valid object.
WARNING: [Vivado 12-584] No ports matched 'seed[3]'. [C:/Users/1hanv/OneDrive/Documents/EE4301/Lab/EE4301-Labs/lab4/lab4.srcs/constrs_1/new/lab4_top.xdc:58]
CRITICAL WARNING: [Common 17-55] 'set_property' expects at least one object. [C:/Users/1hanv/OneDrive/Documents/EE4301/Lab/EE4301-Labs/lab4/lab4.srcs/constrs_1/new/lab4_top.xdc:58]
Resolution: If [get_<value>] was used to populate the object, check to make sure this command returns at least one valid object.
WARNING: [Vivado 12-584] No ports matched 'seed[3]'. [C:/Users/1hanv/OneDrive/Documents/EE4301/Lab/EE4301-Labs/lab4/lab4.srcs/constrs_1/new/lab4_top.xdc:59]
CRITICAL WARNING: [Common 17-55] 'set_property' expects at least one object. [C:/Users/1hanv/OneDrive/Documents/EE4301/Lab/EE4301-Labs/lab4/lab4.srcs/constrs_1/new/lab4_top.xdc:59]
Resolution: If [get_<value>] was used to populate the object, check to make sure this command returns at least one valid object.
WARNING: [Vivado 12-584] No ports matched 'seed[4]'. [C:/Users/1hanv/OneDrive/Documents/EE4301/Lab/EE4301-Labs/lab4/lab4.srcs/constrs_1/new/lab4_top.xdc:60]
CRITICAL WARNING: [Common 17-55] 'set_property' expects at least one object. [C:/Users/1hanv/OneDrive/Documents/EE4301/Lab/EE4301-Labs/lab4/lab4.srcs/constrs_1/new/lab4_top.xdc:60]
Resolution: If [get_<value>] was used to populate the object, check to make sure this command returns at least one valid object.
WARNING: [Vivado 12-584] No ports matched 'seed[4]'. [C:/Users/1hanv/OneDrive/Documents/EE4301/Lab/EE4301-Labs/lab4/lab4.srcs/constrs_1/new/lab4_top.xdc:61]
CRITICAL WARNING: [Common 17-55] 'set_property' expects at least one object. [C:/Users/1hanv/OneDrive/Documents/EE4301/Lab/EE4301-Labs/lab4/lab4.srcs/constrs_1/new/lab4_top.xdc:61]
Resolution: If [get_<value>] was used to populate the object, check to make sure this command returns at least one valid object.
WARNING: [Vivado 12-584] No ports matched 'seed[5]'. [C:/Users/1hanv/OneDrive/Documents/EE4301/Lab/EE4301-Labs/lab4/lab4.srcs/constrs_1/new/lab4_top.xdc:62]
CRITICAL WARNING: [Common 17-55] 'set_property' expects at least one object. [C:/Users/1hanv/OneDrive/Documents/EE4301/Lab/EE4301-Labs/lab4/lab4.srcs/constrs_1/new/lab4_top.xdc:62]
Resolution: If [get_<value>] was used to populate the object, check to make sure this command returns at least one valid object.
WARNING: [Vivado 12-584] No ports matched 'seed[5]'. [C:/Users/1hanv/OneDrive/Documents/EE4301/Lab/EE4301-Labs/lab4/lab4.srcs/constrs_1/new/lab4_top.xdc:63]
CRITICAL WARNING: [Common 17-55] 'set_property' expects at least one object. [C:/Users/1hanv/OneDrive/Documents/EE4301/Lab/EE4301-Labs/lab4/lab4.srcs/constrs_1/new/lab4_top.xdc:63]
Resolution: If [get_<value>] was used to populate the object, check to make sure this command returns at least one valid object.
WARNING: [Vivado 12-584] No ports matched 'seed[6]'. [C:/Users/1hanv/OneDrive/Documents/EE4301/Lab/EE4301-Labs/lab4/lab4.srcs/constrs_1/new/lab4_top.xdc:64]
CRITICAL WARNING: [Common 17-55] 'set_property' expects at least one object. [C:/Users/1hanv/OneDrive/Documents/EE4301/Lab/EE4301-Labs/lab4/lab4.srcs/constrs_1/new/lab4_top.xdc:64]
Resolution: If [get_<value>] was used to populate the object, check to make sure this command returns at least one valid object.
WARNING: [Vivado 12-584] No ports matched 'seed[6]'. [C:/Users/1hanv/OneDrive/Documents/EE4301/Lab/EE4301-Labs/lab4/lab4.srcs/constrs_1/new/lab4_top.xdc:65]
CRITICAL WARNING: [Common 17-55] 'set_property' expects at least one object. [C:/Users/1hanv/OneDrive/Documents/EE4301/Lab/EE4301-Labs/lab4/lab4.srcs/constrs_1/new/lab4_top.xdc:65]
Resolution: If [get_<value>] was used to populate the object, check to make sure this command returns at least one valid object.
WARNING: [Vivado 12-584] No ports matched 'seed[7]'. [C:/Users/1hanv/OneDrive/Documents/EE4301/Lab/EE4301-Labs/lab4/lab4.srcs/constrs_1/new/lab4_top.xdc:66]
CRITICAL WARNING: [Common 17-55] 'set_property' expects at least one object. [C:/Users/1hanv/OneDrive/Documents/EE4301/Lab/EE4301-Labs/lab4/lab4.srcs/constrs_1/new/lab4_top.xdc:66]
Resolution: If [get_<value>] was used to populate the object, check to make sure this command returns at least one valid object.
WARNING: [Vivado 12-584] No ports matched 'seed[7]'. [C:/Users/1hanv/OneDrive/Documents/EE4301/Lab/EE4301-Labs/lab4/lab4.srcs/constrs_1/new/lab4_top.xdc:67]
CRITICAL WARNING: [Common 17-55] 'set_property' expects at least one object. [C:/Users/1hanv/OneDrive/Documents/EE4301/Lab/EE4301-Labs/lab4/lab4.srcs/constrs_1/new/lab4_top.xdc:67]
Resolution: If [get_<value>] was used to populate the object, check to make sure this command returns at least one valid object.
WARNING: [Vivado 12-584] No ports matched 'roll'. [C:/Users/1hanv/OneDrive/Documents/EE4301/Lab/EE4301-Labs/lab4/lab4.srcs/constrs_1/new/lab4_top.xdc:72]
CRITICAL WARNING: [Common 17-55] 'set_property' expects at least one object. [C:/Users/1hanv/OneDrive/Documents/EE4301/Lab/EE4301-Labs/lab4/lab4.srcs/constrs_1/new/lab4_top.xdc:72]
Resolution: If [get_<value>] was used to populate the object, check to make sure this command returns at least one valid object.
WARNING: [Vivado 12-584] No ports matched 'roll'. [C:/Users/1hanv/OneDrive/Documents/EE4301/Lab/EE4301-Labs/lab4/lab4.srcs/constrs_1/new/lab4_top.xdc:73]
CRITICAL WARNING: [Common 17-55] 'set_property' expects at least one object. [C:/Users/1hanv/OneDrive/Documents/EE4301/Lab/EE4301-Labs/lab4/lab4.srcs/constrs_1/new/lab4_top.xdc:73]
Resolution: If [get_<value>] was used to populate the object, check to make sure this command returns at least one valid object.
Finished Parsing XDC File [C:/Users/1hanv/OneDrive/Documents/EE4301/Lab/EE4301-Labs/lab4/lab4.srcs/constrs_1/new/lab4_top.xdc]
INFO: [Project 1-236] Implementation specific constraints were found while reading constraint file [C:/Users/1hanv/OneDrive/Documents/EE4301/Lab/EE4301-Labs/lab4/lab4.srcs/constrs_1/new/lab4_top.xdc]. These constraints will be ignored for synthesis but will be used in implementation. Impacted constraints are listed in the file [.Xil/lab4_top_propImpl.xdc].
Resolution: To avoid this warning, move constraints listed in [.Xil/lab4_top_propImpl.xdc] to another XDC file and exclude this new file from synthesis with the used_in_synthesis property (File Properties dialog in GUI) and re-run elaboration/synthesis.
Completed Processing XDC Constraints

Netlist sorting complete. Time (s): cpu = 00:00:00 ; elapsed = 00:00:00 . Memory (MB): peak = 1354.547 ; gain = 0.000
INFO: [Project 1-111] Unisim Transformation Summary:
No Unisim elements were transformed.

Constraint Validation Runtime : Time (s): cpu = 00:00:00 ; elapsed = 00:00:00.005 . Memory (MB): peak = 1354.547 ; gain = 0.000
INFO: [Designutils 20-5440] No compile time benefit to using incremental synthesis; A full resynthesis will be run
INFO: [Designutils 20-4379] Flow is switching to default flow due to incremental criteria not met. If you would like to alter this behaviour and have the flow terminate instead, please set the following parameter config_implementation {autoIncr.Synth.RejectBehavior Terminate}
INFO: [Synth 8-11241] undeclared symbol 'REGCCE', assumed default net type 'wire' [C:/Xilinx/Vivado/2022.2/data/verilog/src/unimacro/BRAM_SINGLE_MACRO.v:2170]
---------------------------------------------------------------------------------
Finished Constraint Validation : Time (s): cpu = 00:00:17 ; elapsed = 00:00:29 . Memory (MB): peak = 1354.547 ; gain = 557.758
---------------------------------------------------------------------------------
---------------------------------------------------------------------------------
Start Loading Part and Timing Information
---------------------------------------------------------------------------------
Loading part: xc7a35tcpg236-1
---------------------------------------------------------------------------------
Finished Loading Part and Timing Information : Time (s): cpu = 00:00:17 ; elapsed = 00:00:29 . Memory (MB): peak = 1354.547 ; gain = 557.758
---------------------------------------------------------------------------------
---------------------------------------------------------------------------------
Start Applying 'set_property' XDC Constraints
---------------------------------------------------------------------------------
---------------------------------------------------------------------------------
Finished applying 'set_property' XDC Constraints : Time (s): cpu = 00:00:17 ; elapsed = 00:00:29 . Memory (MB): peak = 1354.547 ; gain = 557.758
---------------------------------------------------------------------------------
---------------------------------------------------------------------------------
Finished RTL Optimization Phase 2 : Time (s): cpu = 00:00:17 ; elapsed = 00:00:30 . Memory (MB): peak = 1354.547 ; gain = 557.758
---------------------------------------------------------------------------------
---------------------------------------------------------------------------------
Start RTL Component Statistics 
---------------------------------------------------------------------------------
Detailed RTL Component Info : 
+---Adders : 
	   2 Input   32 Bit       Adders := 4     
+---XORs : 
	   4 Input      1 Bit         XORs := 1     
+---Registers : 
	               32 Bit    Registers := 4     
	                8 Bit    Registers := 1     
	                1 Bit    Registers := 2     
+---Muxes : 
	   2 Input   32 Bit        Muxes := 3     
	   2 Input    8 Bit        Muxes := 1     
	   5 Input    1 Bit        Muxes := 2     
	   2 Input    1 Bit        Muxes := 5     
---------------------------------------------------------------------------------
Finished RTL Component Statistics 
---------------------------------------------------------------------------------
---------------------------------------------------------------------------------
Start Part Resource Summary
---------------------------------------------------------------------------------
Part Resources:
DSPs: 90 (col length:60)
BRAMs: 100 (col length: RAMB18 60 RAMB36 30)
---------------------------------------------------------------------------------
Finished Part Resource Summary
---------------------------------------------------------------------------------
---------------------------------------------------------------------------------
Start Cross Boundary and Area Optimization
---------------------------------------------------------------------------------
WARNING: [Synth 8-7080] Parallel synthesis criteria is not met
CRITICAL WARNING: [Synth 8-6859] multi-driven net on pin clk with 1st driver pin 'CDIV/cout_reg/Q' [C:/Users/1hanv/OneDrive/Documents/EE4301/Lab/EE4301-Labs/lab4/lab4.srcs/sources_1/new/clock_divider.v:42]
CRITICAL WARNING: [Synth 8-6859] multi-driven net on pin clk with 2nd driver pin 'clk' [C:/Users/1hanv/OneDrive/Documents/EE4301/Lab/EE4301-Labs/lab4/lab4.srcs/sources_1/new/lab4_top.v:3]
---------------------------------------------------------------------------------
Finished Cross Boundary and Area Optimization : Time (s): cpu = 00:00:19 ; elapsed = 00:00:33 . Memory (MB): peak = 1354.547 ; gain = 557.758
---------------------------------------------------------------------------------
---------------------------------------------------------------------------------
Start Applying XDC Timing Constraints
---------------------------------------------------------------------------------
---------------------------------------------------------------------------------
Finished Applying XDC Timing Constraints : Time (s): cpu = 00:00:25 ; elapsed = 00:00:44 . Memory (MB): peak = 1354.547 ; gain = 557.758
---------------------------------------------------------------------------------
---------------------------------------------------------------------------------
Start Timing Optimization
---------------------------------------------------------------------------------
---------------------------------------------------------------------------------
Finished Timing Optimization : Time (s): cpu = 00:00:25 ; elapsed = 00:00:44 . Memory (MB): peak = 1354.547 ; gain = 557.758
---------------------------------------------------------------------------------
---------------------------------------------------------------------------------
Start Technology Mapping
---------------------------------------------------------------------------------
---------------------------------------------------------------------------------
Finished Technology Mapping : Time (s): cpu = 00:00:25 ; elapsed = 00:00:44 . Memory (MB): peak = 1354.547 ; gain = 557.758
---------------------------------------------------------------------------------
---------------------------------------------------------------------------------
Start IO Insertion
---------------------------------------------------------------------------------
---------------------------------------------------------------------------------
Start Flattening Before IO Insertion
---------------------------------------------------------------------------------
---------------------------------------------------------------------------------
Finished Flattening Before IO Insertion
---------------------------------------------------------------------------------
---------------------------------------------------------------------------------
Start Final Netlist Cleanup
---------------------------------------------------------------------------------
---------------------------------------------------------------------------------
Finished Final Netlist Cleanup
---------------------------------------------------------------------------------
---------------------------------------------------------------------------------
Finished IO Insertion : Time (s): cpu = 00:00:31 ; elapsed = 00:00:54 . Memory (MB): peak = 1354.547 ; gain = 557.758
---------------------------------------------------------------------------------
---------------------------------------------------------------------------------
Start Renaming Generated Instances
---------------------------------------------------------------------------------
---------------------------------------------------------------------------------
Finished Renaming Generated Instances : Time (s): cpu = 00:00:31 ; elapsed = 00:00:54 . Memory (MB): peak = 1354.547 ; gain = 557.758
---------------------------------------------------------------------------------
---------------------------------------------------------------------------------
Start Rebuilding User Hierarchy
---------------------------------------------------------------------------------
---------------------------------------------------------------------------------
Finished Rebuilding User Hierarchy : Time (s): cpu = 00:00:31 ; elapsed = 00:00:54 . Memory (MB): peak = 1354.547 ; gain = 557.758
---------------------------------------------------------------------------------
---------------------------------------------------------------------------------
Start Renaming Generated Ports
---------------------------------------------------------------------------------
---------------------------------------------------------------------------------
Finished Renaming Generated Ports : Time (s): cpu = 00:00:31 ; elapsed = 00:00:54 . Memory (MB): peak = 1354.547 ; gain = 557.758
---------------------------------------------------------------------------------
---------------------------------------------------------------------------------
Start Handling Custom Attributes
---------------------------------------------------------------------------------
---------------------------------------------------------------------------------
Finished Handling Custom Attributes : Time (s): cpu = 00:00:31 ; elapsed = 00:00:54 . Memory (MB): peak = 1354.547 ; gain = 557.758
---------------------------------------------------------------------------------
---------------------------------------------------------------------------------
Start Renaming Generated Nets
---------------------------------------------------------------------------------
---------------------------------------------------------------------------------
Finished Renaming Generated Nets : Time (s): cpu = 00:00:31 ; elapsed = 00:00:54 . Memory (MB): peak = 1354.547 ; gain = 557.758
---------------------------------------------------------------------------------
---------------------------------------------------------------------------------
Start Writing Synthesis Report
---------------------------------------------------------------------------------

Report BlackBoxes: 
+-+--------------+----------+
| |BlackBox name |Instances |
+-+--------------+----------+
+-+--------------+----------+

Report Cell Usage: 
+------+-----+------+
|      |Cell |Count |
+------+-----+------+
|1     |BUFG |     1|
|2     |LUT4 |     1|
|3     |FDRE |     8|
|4     |IBUF |     1|
|5     |OBUF |     8|
+------+-----+------+
---------------------------------------------------------------------------------
Finished Writing Synthesis Report : Time (s): cpu = 00:00:31 ; elapsed = 00:00:54 . Memory (MB): peak = 1354.547 ; gain = 557.758
---------------------------------------------------------------------------------
Synthesis finished with 0 errors, 2 critical warnings and 1 warnings.
Synthesis Optimization Runtime : Time (s): cpu = 00:00:22 ; elapsed = 00:00:51 . Memory (MB): peak = 1354.547 ; gain = 499.098
Synthesis Optimization Complete : Time (s): cpu = 00:00:32 ; elapsed = 00:00:54 . Memory (MB): peak = 1354.547 ; gain = 557.758
INFO: [Project 1-571] Translating synthesized netlist
Netlist sorting complete. Time (s): cpu = 00:00:00 ; elapsed = 00:00:00 . Memory (MB): peak = 1354.547 ; gain = 0.000
INFO: [Project 1-570] Preparing netlist for logic optimization
INFO: [Opt 31-138] Pushed 0 inverter(s) to 0 load pin(s).
Netlist sorting complete. Time (s): cpu = 00:00:00 ; elapsed = 00:00:00 . Memory (MB): peak = 1354.547 ; gain = 0.000
INFO: [Project 1-111] Unisim Transformation Summary:
No Unisim elements were transformed.

Synth Design complete, checksum: 22344c47
INFO: [Common 17-83] Releasing license: Synthesis
27 Infos, 43 Warnings, 42 Critical Warnings and 0 Errors encountered.
synth_design completed successfully
synth_design: Time (s): cpu = 00:00:37 ; elapsed = 00:01:04 . Memory (MB): peak = 1354.547 ; gain = 935.512
INFO: [runtcl-6] Synthesis results are not added to the cache due to CRITICAL_WARNING
INFO: [Common 17-1381] The checkpoint 'C:/Users/1hanv/OneDrive/Documents/EE4301/Lab/EE4301-Labs/lab4/lab4.runs/synth_1/lab4_top.dcp' has been generated.
INFO: [runtcl-4] Executing : report_utilization -file lab4_top_utilization_synth.rpt -pb lab4_top_utilization_synth.pb
INFO: [Common 17-206] Exiting Vivado at Sun Jul 16 22:09:17 2023...
