Copyright 1986-2022 Xilinx, Inc. All Rights Reserved.
-------------------------------------------------------------------------------------
| Tool Version : Vivado v.2022.2 (win64) Build 3671981 Fri Oct 14 05:00:03 MDT 2022
| Date         : Sun Jul 16 22:51:15 2023
| Host         : Vincent-Laptop running 64-bit major release  (build 9200)
| Command      : report_control_sets -verbose -file lab4_top_control_sets_placed.rpt
| Design       : lab4_top
| Device       : xc7a35t
-------------------------------------------------------------------------------------

Control Set Information

Table of Contents
-----------------
1. Summary
2. Histogram
3. Flip-Flop Distribution
4. Detailed Control Set Information

1. Summary
----------

+----------------------------------------------------------+-------+
|                          Status                          | Count |
+----------------------------------------------------------+-------+
| Total control sets                                       |     7 |
|    Minimum number of control sets                        |     7 |
|    Addition due to synthesis replication                 |     0 |
|    Addition due to physical synthesis replication        |     0 |
| Unused register locations in slices containing registers |    10 |
+----------------------------------------------------------+-------+
* Control sets can be merged at opt_design using control_set_merge or merge_equivalent_drivers
** Run report_qor_suggestions for automated merging and remapping suggestions


2. Histogram
------------

+--------------------+-------+
|       Fanout       | Count |
+--------------------+-------+
| Total control sets |     7 |
| >= 0 to < 4        |     1 |
| >= 4 to < 6        |     0 |
| >= 6 to < 8        |     0 |
| >= 8 to < 10       |     0 |
| >= 10 to < 12      |     0 |
| >= 12 to < 14      |     0 |
| >= 14 to < 16      |     1 |
| >= 16              |     5 |
+--------------------+-------+
* Control sets can be remapped at either synth_design or opt_design


3. Flip-Flop Distribution
-------------------------

+--------------+-----------------------+------------------------+-----------------+--------------+
| Clock Enable | Synchronous Set/Reset | Asynchronous Set/Reset | Total Registers | Total Slices |
+--------------+-----------------------+------------------------+-----------------+--------------+
| No           | No                    | No                     |              37 |           12 |
| No           | No                    | Yes                    |               0 |            0 |
| No           | Yes                   | No                     |              32 |            9 |
| Yes          | No                    | No                     |              96 |           24 |
| Yes          | No                    | Yes                    |               0 |            0 |
| Yes          | Yes                   | No                     |               1 |            1 |
+--------------+-----------------------+------------------------+-----------------+--------------+


4. Detailed Control Set Information
-----------------------------------

+----------------+------------------------+-------------------------+------------------+----------------+--------------+
|  Clock Signal  |      Enable Signal     |     Set/Reset Signal    | Slice Load Count | Bel Load Count | Bels / Slice |
+----------------+------------------------+-------------------------+------------------+----------------+--------------+
|  clk_IBUF_BUFG | roll_IBUF              | LSFR/q_reg[3]_0         |                1 |              1 |         1.00 |
|  CDIV/CLK      |                        |                         |                5 |             14 |         2.80 |
|  clk_IBUF_BUFG |                        |                         |                7 |             23 |         3.29 |
|  clk_IBUF_BUFG |                        | CDIV/count0[31]_i_1_n_0 |                9 |             32 |         3.56 |
|  clk_IBUF_BUFG | CDIV/count1[0]_i_1_n_0 |                         |                8 |             32 |         4.00 |
|  clk_IBUF_BUFG | CDIV/count2[0]_i_1_n_0 |                         |                8 |             32 |         4.00 |
|  clk_IBUF_BUFG | CDIV/count30           |                         |                8 |             32 |         4.00 |
+----------------+------------------------+-------------------------+------------------+----------------+--------------+


